[INFO] Scanning for projects...
[INFO] 
[INFO] ----------------------< com.sand:sand-realestate >----------------------
[INFO] Building San D Real Estate Marketplace 1.0.0
[INFO]   from pom.xml
[INFO] --------------------------------[ war ]---------------------------------
[WARNING] The artifact mysql:mysql-connector-java:jar:8.0.33 has been relocated to com.mysql:mysql-connector-j:jar:8.0.33: MySQL Connector/J artifacts moved to reverse-DNS compliant Maven 2+ coordinates.
[INFO] 
[INFO] --- clean:3.2.0:clean (default-clean) @ sand-realestate ---
[INFO] Deleting D:\San D Sollution for realEstate business\sand-realestate\target
[INFO] 
[INFO] --- resources:3.3.1:resources (default-resources) @ sand-realestate ---
[INFO] Copying 2 resources from src\main\resources to target\classes
[INFO] 
[INFO] --- compiler:3.11.0:compile (default-compile) @ sand-realestate ---
[INFO] Changes detected - recompiling the module! :source
[INFO] Compiling 23 source files with javac [debug target 17] to target\classes
[INFO] ------------------------------------------------------------------------
[INFO] BUILD SUCCESS
[INFO] ------------------------------------------------------------------------
[INFO] Total time:  3.878 s
[INFO] Finished at: 2026-03-21T19:45:43+05:30
[INFO] ------------------------------------------------------------------------
